TN:
SF:/home/jongha/work/git/sort-js/src/sort.js
FN:2,(anonymous_1)
FN:20,(anonymous_2)
FN:24,(anonymous_3)
FN:60,(anonymous_4)
FN:63,(anonymous_5)
FN:85,(anonymous_6)
FN:102,(anonymous_7)
FN:108,(anonymous_8)
FN:125,(anonymous_9)
FN:138,(anonymous_10)
FN:170,(anonymous_11)
FN:184,(anonymous_12)
FNF:12
FNH:12
FNDA:6,(anonymous_1)
FNDA:6,(anonymous_2)
FNDA:12006,(anonymous_3)
FNDA:6,(anonymous_4)
FNDA:12000,(anonymous_5)
FNDA:24006,(anonymous_6)
FNDA:6,(anonymous_7)
FNDA:6,(anonymous_8)
FNDA:6,(anonymous_9)
FNDA:18000,(anonymous_10)
FNDA:6,(anonymous_11)
FNDA:6,(anonymous_12)
DA:2,1
DA:3,6
DA:5,6
DA:6,6
DA:7,11685
DA:8,11685
DA:9,23370000
DA:10,23370000
DA:11,8002033
DA:12,8002033
DA:16,11685
DA:20,1
DA:21,6
DA:24,6
DA:25,12006
DA:26,12006
DA:27,24086
DA:28,2036326
DA:31,24086
DA:32,19331
DA:33,19331
DA:36,24086
DA:37,2030166
DA:40,24086
DA:41,15024
DA:42,15024
DA:46,12006
DA:47,12006
DA:49,12006
DA:50,5436
DA:53,12006
DA:54,6564
DA:57,6
DA:60,1
DA:61,6
DA:63,6
DA:64,12000
DA:66,12000
DA:67,12000
DA:68,131784
DA:71,66564
DA:73,65220
DA:74,65220
DA:78,12000
DA:79,131784
DA:82,12000
DA:85,6
DA:86,24006
DA:87,12000
DA:88,12000
DA:90,12000
DA:91,12000
DA:93,12000
DA:96,12006
DA:99,6
DA:102,1
DA:106,6
DA:108,6
DA:109,6
DA:111,6
DA:112,6
DA:114,12000
DA:115,12000
DA:116,12000
DA:118,12000
DA:119,12000
DA:122,6
DA:125,6
DA:126,6
DA:127,6
DA:128,6
DA:129,6
DA:131,6
DA:132,6000
DA:133,6000
DA:135,6
DA:138,6
DA:139,18000
DA:140,18000
DA:142,126874
DA:143,126874
DA:144,126874
DA:146,126874
DA:147,105458
DA:150,126874
DA:151,52932
DA:154,126874
DA:155,18000
DA:158,108874
DA:159,108874
DA:160,108874
DA:162,108874
DA:166,6
DA:167,6
DA:170,1
DA:171,6
DA:173,6
DA:174,6
DA:175,12006
DA:176,12006
DA:177,8002033
DA:180,12006
DA:184,1
DA:186,6
DA:188,6
DA:189,6
DA:191,12000
DA:192,12000
DA:194,12000
DA:195,12018000
DA:196,2049562
DA:197,2049562
DA:201,12000
DA:202,9975
LF:114
LH:114
BRDA:3,1,0,6
BRDA:3,1,1,6
BRDA:9,2,0,11682000
BRDA:9,2,1,11688000
BRDA:9,3,0,11682000
BRDA:9,3,1,11688000
BRDA:10,4,0,8002033
BRDA:10,4,1,15367967
BRDA:16,5,0,4
BRDA:16,5,1,11681
BRDA:21,6,0,6
BRDA:21,6,1,6
BRDA:27,7,0,2060412
BRDA:27,7,1,1031105
BRDA:27,7,2,1038947
BRDA:27,7,3,1029307
BRDA:27,7,4,2041081
BRDA:31,8,0,19331
BRDA:31,8,1,4755
BRDA:36,9,0,2054252
BRDA:36,9,1,1026063
BRDA:36,9,2,1035990
BRDA:36,9,3,1028189
BRDA:36,9,4,2038590
BRDA:40,10,0,15024
BRDA:40,10,1,9062
BRDA:49,11,0,5436
BRDA:49,11,1,6570
BRDA:53,12,0,6564
BRDA:53,12,1,5442
BRDA:61,13,0,6
BRDA:61,13,1,6
BRDA:67,14,0,143784
BRDA:67,14,1,16870
BRDA:68,15,0,66564
BRDA:68,15,1,65220
BRDA:68,16,0,131784
BRDA:68,16,1,104300
BRDA:68,16,2,99430
BRDA:68,16,3,49757
BRDA:68,16,4,79866
BRDA:68,16,5,49673
BRDA:73,17,0,65220
BRDA:73,17,1,0
BRDA:86,18,0,12000
BRDA:86,18,1,12006
BRDA:106,19,0,6
BRDA:106,19,1,6
BRDA:146,20,0,105458
BRDA:146,20,1,21416
BRDA:146,21,0,126874
BRDA:146,21,1,113248
BRDA:150,22,0,52932
BRDA:150,22,1,73942
BRDA:150,23,0,126874
BRDA:150,23,1,113140
BRDA:154,24,0,18000
BRDA:154,24,1,108874
BRDA:167,25,0,3
BRDA:167,25,1,3
BRDA:171,26,0,6
BRDA:171,26,1,6
BRDA:176,27,0,8014039
BRDA:176,27,1,8010007
BRDA:176,27,2,3996916
BRDA:176,27,3,4017080
BRDA:176,27,4,4013091
BRDA:186,28,0,6
BRDA:186,28,1,6
BRDA:195,29,0,2049562
BRDA:195,29,1,9968438
BRDA:195,30,0,12018000
BRDA:195,30,1,6009000
BRDA:195,30,2,10992945
BRDA:195,30,3,6009000
BRDA:201,31,0,9975
BRDA:201,31,1,2025
BRF:77
BRH:76
end_of_record
